Traceback (most recent call last):
  File "/home/fengchr/staff/Cas-detector/pre_process_noncas.py", line 36, in <module>
    def split_seq(seq,window_size,step=window_step):#具体step为多少需要外部判断
NameError: name 'window_step' is not defined
You are using the default legacy behaviour of the <class 'transformers.models.t5.tokenization_t5.T5Tokenizer'>. This is expected, and simply means that the `legacy` (previous) behavior will be used so nothing changes for you. If you want to use the new behaviour, set `legacy=False`. This should only be set if you understand what it means, and thouroughly read the reason why this was added as explained in https://github.com/huggingface/transformers/pull/24565
encode_dict:
{'A': array([1., 0., 0., 0., 0., 0., 0., 0., 0., 0., 0., 0., 0., 0., 0., 0., 0.,
       0., 0., 0., 0.]), 'R': array([0., 1., 0., 0., 0., 0., 0., 0., 0., 0., 0., 0., 0., 0., 0., 0., 0.,
       0., 0., 0., 0.]), 'N': array([0., 0., 1., 0., 0., 0., 0., 0., 0., 0., 0., 0., 0., 0., 0., 0., 0.,
       0., 0., 0., 0.]), 'D': array([0., 0., 0., 1., 0., 0., 0., 0., 0., 0., 0., 0., 0., 0., 0., 0., 0.,
       0., 0., 0., 0.]), 'C': array([0., 0., 0., 0., 1., 0., 0., 0., 0., 0., 0., 0., 0., 0., 0., 0., 0.,
       0., 0., 0., 0.]), 'Q': array([0., 0., 0., 0., 0., 1., 0., 0., 0., 0., 0., 0., 0., 0., 0., 0., 0.,
       0., 0., 0., 0.]), 'E': array([0., 0., 0., 0., 0., 0., 1., 0., 0., 0., 0., 0., 0., 0., 0., 0., 0.,
       0., 0., 0., 0.]), 'G': array([0., 0., 0., 0., 0., 0., 0., 1., 0., 0., 0., 0., 0., 0., 0., 0., 0.,
       0., 0., 0., 0.]), 'H': array([0., 0., 0., 0., 0., 0., 0., 0., 1., 0., 0., 0., 0., 0., 0., 0., 0.,
       0., 0., 0., 0.]), 'I': array([0., 0., 0., 0., 0., 0., 0., 0., 0., 1., 0., 0., 0., 0., 0., 0., 0.,
       0., 0., 0., 0.]), 'L': array([0., 0., 0., 0., 0., 0., 0., 0., 0., 0., 1., 0., 0., 0., 0., 0., 0.,
       0., 0., 0., 0.]), 'K': array([0., 0., 0., 0., 0., 0., 0., 0., 0., 0., 0., 1., 0., 0., 0., 0., 0.,
       0., 0., 0., 0.]), 'M': array([0., 0., 0., 0., 0., 0., 0., 0., 0., 0., 0., 0., 1., 0., 0., 0., 0.,
       0., 0., 0., 0.]), 'F': array([0., 0., 0., 0., 0., 0., 0., 0., 0., 0., 0., 0., 0., 1., 0., 0., 0.,
       0., 0., 0., 0.]), 'P': array([0., 0., 0., 0., 0., 0., 0., 0., 0., 0., 0., 0., 0., 0., 1., 0., 0.,
       0., 0., 0., 0.]), 'S': array([0., 0., 0., 0., 0., 0., 0., 0., 0., 0., 0., 0., 0., 0., 0., 1., 0.,
       0., 0., 0., 0.]), 'T': array([0., 0., 0., 0., 0., 0., 0., 0., 0., 0., 0., 0., 0., 0., 0., 0., 1.,
       0., 0., 0., 0.]), 'W': array([0., 0., 0., 0., 0., 0., 0., 0., 0., 0., 0., 0., 0., 0., 0., 0., 0.,
       1., 0., 0., 0.]), 'Y': array([0., 0., 0., 0., 0., 0., 0., 0., 0., 0., 0., 0., 0., 0., 0., 0., 0.,
       0., 1., 0., 0.]), 'V': array([0., 0., 0., 0., 0., 0., 0., 0., 0., 0., 0., 0., 0., 0., 0., 0., 0.,
       0., 0., 1., 0.]), '-': array([0., 0., 0., 0., 0., 0., 0., 0., 0., 0., 0., 0., 0., 0., 0., 0., 0.,
       0., 0., 0., 1.])}
5
start embedding batch 1
start embedding batch 2
start embedding batch 3
start embedding batch 4
start embedding batch 5
start embedding batch 6
start embedding batch 7
start embedding batch 8
start embedding batch 9
start embedding batch 10
start embedding batch 11
start embedding batch 12
start embedding batch 13
start embedding batch 14
start embedding batch 15
start embedding batch 16
start embedding batch 17
start embedding batch 18
start embedding batch 19
start embedding batch 20
start embedding batch 21
start embedding batch 22
start embedding batch 23
start embedding batch 24
start embedding batch 25
start embedding batch 26
start embedding batch 27
start embedding batch 28
start embedding batch 29
start embedding batch 30
start embedding batch 31
start embedding batch 32
start embedding batch 33
start embedding batch 34
start embedding batch 35
start embedding batch 36
start embedding batch 37
start embedding batch 38
start embedding batch 39
start embedding batch 40
start embedding batch 41
start embedding batch 42
start embedding batch 43
start embedding batch 44
start embedding batch 45
start embedding batch 46
start embedding batch 47
start embedding batch 48
start embedding batch 49
start embedding batch 50
start embedding batch 51
start embedding batch 52
start embedding batch 53
start embedding batch 54
start embedding batch 55
start embedding batch 56
start embedding batch 57
start embedding batch 58
start embedding batch 59
start embedding batch 60
start embedding batch 61
start embedding batch 62
start embedding batch 63
start embedding batch 64
start embedding batch 65
start embedding batch 66
start embedding batch 67
start embedding batch 68
start embedding batch 69
start embedding batch 70
start embedding batch 71
start embedding batch 72
start embedding batch 73
start embedding batch 74
start embedding batch 75
start embedding batch 76
start embedding batch 77
start embedding batch 78
start embedding batch 79
start embedding batch 80
start embedding batch 81
start embedding batch 82
start embedding batch 83
start embedding batch 84
start embedding batch 85
start embedding batch 86
start embedding batch 87
start embedding batch 88
start embedding batch 89
start embedding batch 90
start embedding batch 91
start embedding batch 92
start embedding batch 93
start embedding batch 94
start embedding batch 95
start embedding batch 96
start embedding batch 97
start embedding batch 98
start embedding batch 99
start embedding batch 100
start embedding batch 101
start embedding batch 102
start embedding batch 103
start embedding batch 104
start embedding batch 105
start embedding batch 106
start embedding batch 107
start embedding batch 108
start embedding batch 109
start embedding batch 110
start embedding batch 111
start embedding batch 112
start embedding batch 113
start embedding batch 114
start embedding batch 115
start embedding batch 116
start embedding batch 117
start embedding batch 118
start embedding batch 119
start embedding batch 120
start embedding batch 121
start embedding batch 122
start embedding batch 123
start embedding batch 124
start embedding batch 125
start embedding batch 126
start embedding batch 127
start embedding batch 128
start embedding batch 129
start embedding batch 130
start embedding batch 131
start embedding batch 132
start embedding batch 133
start embedding batch 134
start embedding batch 135
start embedding batch 136
start embedding batch 137
start embedding batch 138
start embedding batch 139
start embedding batch 140
start embedding batch 141
start embedding batch 142
start embedding batch 143
start embedding batch 144
start embedding batch 145
start embedding batch 146
start embedding batch 147
start embedding batch 148
start embedding batch 149
start embedding batch 150
start embedding batch 151
start embedding batch 152
start embedding batch 153
start embedding batch 154
start embedding batch 155
start embedding batch 156
start embedding batch 157
start embedding batch 158
start embedding batch 159
start embedding batch 160
start embedding batch 161
start embedding batch 162
start embedding batch 163
start embedding batch 164
start embedding batch 165
start embedding batch 166
start embedding batch 167
start embedding batch 168
start embedding batch 169
start embedding batch 170
start embedding batch 171
start embedding batch 172
start embedding batch 173
start embedding batch 174
start embedding batch 175
start embedding batch 176
start embedding batch 177
start embedding batch 178
start embedding batch 179
start embedding batch 180
start embedding batch 181
start embedding batch 182
start embedding batch 183
start embedding batch 184
start embedding batch 185
start embedding batch 186
start embedding batch 187
start embedding batch 188
start embedding batch 189
start embedding batch 190
start embedding batch 191
start embedding batch 192
start embedding batch 193
start embedding batch 194
start embedding batch 195
start embedding batch 196
start embedding batch 197
start embedding batch 198
start embedding batch 199
start embedding batch 200
start embedding batch 201
start embedding batch 202
start embedding batch 203
start embedding batch 204
start embedding batch 205
start embedding batch 206
start embedding batch 207
start embedding batch 208
start embedding batch 209
start embedding batch 210
start embedding batch 211
start embedding batch 212
start embedding batch 213
start embedding batch 214
start embedding batch 215
start embedding batch 216
start embedding batch 217
start embedding batch 218
start embedding batch 219
start embedding batch 220
start embedding batch 221
start embedding batch 222
start embedding batch 223
start embedding batch 224
start embedding batch 225
start embedding batch 226
start embedding batch 227
start embedding batch 228
start embedding batch 229
start embedding batch 230
start embedding batch 231
start embedding batch 232
start embedding batch 233
start embedding batch 234
start embedding batch 235
start embedding batch 236
start embedding batch 237
start embedding batch 238
start embedding batch 239
start embedding batch 240
start embedding batch 241
start embedding batch 242
start embedding batch 243
start embedding batch 244
start embedding batch 245
start embedding batch 246
start embedding batch 247
start embedding batch 248
start embedding batch 249
start embedding batch 250
start embedding batch 251
start embedding batch 252
start embedding batch 253
start embedding batch 254
start embedding batch 255
start embedding batch 256
start embedding batch 257
start embedding batch 258
start embedding batch 259
start embedding batch 260
start embedding batch 261
start embedding batch 262
start embedding batch 263
start embedding batch 264
start embedding batch 265
start embedding batch 266
start embedding batch 267
start embedding batch 268
start embedding batch 269
start embedding batch 270
start embedding batch 271
start embedding batch 272
start embedding batch 273
start embedding batch 274
start embedding batch 275
start embedding batch 276
start embedding batch 277
start embedding batch 278
start embedding batch 279
start embedding batch 280
start embedding batch 281
start embedding batch 282
start embedding batch 283
start embedding batch 284
start embedding batch 285
start embedding batch 286
start embedding batch 287
start embedding batch 288
start embedding batch 289
start embedding batch 290
start embedding batch 291
start embedding batch 292
start embedding batch 293
start embedding batch 294
start embedding batch 295
start embedding batch 296
start embedding batch 297
start embedding batch 298
start embedding batch 299
start embedding batch 300
start embedding batch 301
start embedding batch 302
start embedding batch 303
start embedding batch 304
start embedding batch 305
start embedding batch 306
start embedding batch 307
start embedding batch 308
start embedding batch 309
start embedding batch 310
start embedding batch 311
start embedding batch 312
start embedding batch 313
start embedding batch 314
start embedding batch 315
start embedding batch 316
start embedding batch 317
start embedding batch 318
start embedding batch 319
start embedding batch 320
start embedding batch 321
start embedding batch 322
start embedding batch 323
start embedding batch 324
start embedding batch 325
start embedding batch 326
start embedding batch 327
start embedding batch 328
start embedding batch 329
start embedding batch 330
start embedding batch 331
start embedding batch 332
start embedding batch 333
start embedding batch 334
start embedding batch 335
start embedding batch 336
start embedding batch 337
start embedding batch 338
start embedding batch 339
start embedding batch 340
start embedding batch 341
start embedding batch 342
start embedding batch 343
start embedding batch 344
start embedding batch 345
start embedding batch 346
start embedding batch 347
start embedding batch 348
start embedding batch 349
start embedding batch 350
start embedding batch 351
start embedding batch 352
start embedding batch 353
start embedding batch 354
start embedding batch 355
start embedding batch 356
start embedding batch 357
start embedding batch 358
start embedding batch 359
start embedding batch 360
start embedding batch 361
start embedding batch 362
start embedding batch 363
start embedding batch 364
start embedding batch 365
start embedding batch 366
start embedding batch 367
start embedding batch 368
start embedding batch 369
start embedding batch 370
start embedding batch 371
start embedding batch 372
start embedding batch 373
start embedding batch 374
start embedding batch 375
start embedding batch 376
start embedding batch 377
start embedding batch 378
start embedding batch 379
start embedding batch 380
start embedding batch 381
start embedding batch 382
start embedding batch 383
start embedding batch 384
start embedding batch 385
start embedding batch 386
start embedding batch 387
start embedding batch 388
start embedding batch 389
start embedding batch 390
start embedding batch 391
start embedding batch 392
start embedding batch 393
start embedding batch 394
start embedding batch 395
start embedding batch 396
start embedding batch 397
start embedding batch 398
start embedding batch 399
start embedding batch 400
start embedding batch 401
start embedding batch 402
start embedding batch 403
start embedding batch 404
start embedding batch 405
start embedding batch 406
start embedding batch 407
start embedding batch 408
start embedding batch 409
start embedding batch 410
start embedding batch 411
start embedding batch 412
start embedding batch 413
start embedding batch 414
start embedding batch 415
start embedding batch 416
start embedding batch 417
start embedding batch 418
start embedding batch 419
start embedding batch 420
start embedding batch 421
start embedding batch 422
start embedding batch 423
start embedding batch 424
start embedding batch 425
start embedding batch 426
start embedding batch 427
start embedding batch 428
start embedding batch 429
start embedding batch 430
start embedding batch 431
start embedding batch 432
start embedding batch 433
start embedding batch 434
start embedding batch 435
start embedding batch 436
start embedding batch 437
start embedding batch 438
start embedding batch 439
start embedding batch 440
start embedding batch 441
start embedding batch 442
start embedding batch 443
start embedding batch 444
start embedding batch 445
start embedding batch 446
start embedding batch 447
start embedding batch 448
start embedding batch 449
start embedding batch 450
start embedding batch 451
start embedding batch 452
start embedding batch 453
start embedding batch 454
start embedding batch 455
start embedding batch 456
start embedding batch 457
start embedding batch 458
start embedding batch 459
start embedding batch 460
start embedding batch 461
start embedding batch 462
start embedding batch 463
start embedding batch 464
start embedding batch 465
start embedding batch 466
start embedding batch 467
start embedding batch 468
start embedding batch 469
start embedding batch 470
start embedding batch 471
start embedding batch 472
start embedding batch 473
start embedding batch 474
start embedding batch 475
start embedding batch 476
start embedding batch 477
start embedding batch 478
start embedding batch 479
start embedding batch 480
start embedding batch 481
start embedding batch 482
start embedding batch 483
start embedding batch 484
start embedding batch 485
start embedding batch 486
start embedding batch 487
start embedding batch 488
start embedding batch 489
start embedding batch 490
start embedding batch 491
start embedding batch 492
start embedding batch 493
start embedding batch 494
start embedding batch 495
start embedding batch 496
start embedding batch 497
start embedding batch 498
start embedding batch 499
start embedding batch 500
start embedding batch 501
start embedding batch 502
start embedding batch 503
start embedding batch 504
start embedding batch 505
start embedding batch 506
start embedding batch 507
start embedding batch 508
start embedding batch 509
start embedding batch 510
start embedding batch 511
start embedding batch 512
start embedding batch 513
start embedding batch 514
start embedding batch 515
start embedding batch 516
start embedding batch 517
start embedding batch 518
start embedding batch 519
start embedding batch 520
start embedding batch 521
start embedding batch 522
start embedding batch 523
start embedding batch 524
start embedding batch 525
start embedding batch 526
start embedding batch 527
start embedding batch 528
start embedding batch 529
start embedding batch 530
start embedding batch 531
start embedding batch 532
start embedding batch 533
start embedding batch 534
start embedding batch 535
start embedding batch 536
start embedding batch 537
start embedding batch 538
start embedding batch 539
start embedding batch 540
start embedding batch 541
start embedding batch 542
start embedding batch 543
start embedding batch 544
start embedding batch 545
start embedding batch 546
start embedding batch 547
start embedding batch 548
start embedding batch 549
start embedding batch 550
start embedding batch 551
start embedding batch 552
start embedding batch 553
start embedding batch 554
start embedding batch 555
start embedding batch 556
start embedding batch 557
start embedding batch 558
start embedding batch 559
start embedding batch 560
start embedding batch 561
start embedding batch 562
start embedding batch 563
start embedding batch 564
start embedding batch 565
start embedding batch 566
start embedding batch 567
start embedding batch 568
start embedding batch 569
start embedding batch 570
start embedding batch 571
start embedding batch 572
start embedding batch 573
start embedding batch 574
start embedding batch 575
start embedding batch 576
start embedding batch 577
start embedding batch 578
start embedding batch 579
start embedding batch 580
start embedding batch 581
start embedding batch 582
start embedding batch 583
start embedding batch 584
start embedding batch 585
start embedding batch 586
start embedding batch 587
start embedding batch 588
start embedding batch 589
start embedding batch 590
start embedding batch 591
start embedding batch 592
start embedding batch 593
start embedding batch 594
start embedding batch 595
start embedding batch 596
start embedding batch 597
start embedding batch 598
start embedding batch 599
start embedding batch 600
start embedding batch 601
start embedding batch 602
start embedding batch 603
start embedding batch 604
start embedding batch 605
start embedding batch 606
start embedding batch 607
start embedding batch 608
start embedding batch 609
start embedding batch 610
start embedding batch 611
start embedding batch 612
start embedding batch 613
start embedding batch 614
start embedding batch 615
start embedding batch 616
start embedding batch 617
start embedding batch 618
start embedding batch 619
start embedding batch 620
start embedding batch 621
start embedding batch 622
start embedding batch 623
start embedding batch 624
start embedding batch 625
start embedding batch 626
start embedding batch 627
start embedding batch 628
start embedding batch 629
start embedding batch 630
start embedding batch 631
start embedding batch 632
start embedding batch 633
start embedding batch 634
start embedding batch 635
start embedding batch 636
start embedding batch 637
start embedding batch 638
start embedding batch 639
start embedding batch 640
start embedding batch 641
start embedding batch 642
start embedding batch 643
start embedding batch 644
start embedding batch 645
start embedding batch 646
start embedding batch 647
start embedding batch 648
start embedding batch 649
start embedding batch 650
start embedding batch 651
start embedding batch 652
start embedding batch 653
start embedding batch 654
start embedding batch 655
start embedding batch 656
start embedding batch 657
start embedding batch 658
start embedding batch 659
start embedding batch 660
start embedding batch 661
start embedding batch 662
start embedding batch 663
start embedding batch 664
start embedding batch 665
start embedding batch 666
start embedding batch 667
start embedding batch 668
start embedding batch 669
start embedding batch 670
start embedding batch 671
start embedding batch 672
start embedding batch 673
start embedding batch 674
start embedding batch 675
start embedding batch 676
start embedding batch 677
start embedding batch 678
start embedding batch 679
start embedding batch 680
start embedding batch 681
start embedding batch 682
start embedding batch 683
start embedding batch 684
start embedding batch 685
start embedding batch 686
start embedding batch 687
start embedding batch 688
start embedding batch 689
start embedding batch 690
start embedding batch 691
start embedding batch 692
start embedding batch 693
start embedding batch 694
start embedding batch 695
start embedding batch 696
start embedding batch 697
start embedding batch 698
start embedding batch 699
start embedding batch 700
start embedding batch 701
start embedding batch 702
start embedding batch 703
start embedding batch 704
start embedding batch 705
start embedding batch 706
start embedding batch 707
start embedding batch 708
start embedding batch 709
start embedding batch 710
start embedding batch 711
start embedding batch 712
start embedding batch 713
start embedding batch 714
start embedding batch 715
start embedding batch 716
start embedding batch 717
start embedding batch 718
start embedding batch 719
start embedding batch 720
start embedding batch 721
start embedding batch 722
start embedding batch 723
start embedding batch 724
start embedding batch 725
start embedding batch 726
start embedding batch 727
start embedding batch 728
start embedding batch 729
start embedding batch 730
start embedding batch 731
start embedding batch 732
start embedding batch 733
start embedding batch 734
start embedding batch 735
start embedding batch 736
start embedding batch 737
start embedding batch 738
start embedding batch 739
start embedding batch 740
start embedding batch 741
start embedding batch 742
start embedding batch 743
start embedding batch 744
start embedding batch 745
start embedding batch 746
start embedding batch 747
start embedding batch 748
start embedding batch 749
start embedding batch 750
start embedding batch 751
start embedding batch 752
start embedding batch 753
start embedding batch 754
start embedding batch 755
start embedding batch 756
start embedding batch 757
start embedding batch 758
start embedding batch 759
start embedding batch 760
start embedding batch 761
start embedding batch 762
start embedding batch 763
start embedding batch 764
start embedding batch 765
start embedding batch 766
start embedding batch 767
start embedding batch 768
start embedding batch 769
start embedding batch 770
start embedding batch 771
start embedding batch 772
start embedding batch 773
start embedding batch 774
start embedding batch 775
start embedding batch 776
start embedding batch 777
start embedding batch 778
start embedding batch 779
start embedding batch 780
start embedding batch 781
start embedding batch 782
start embedding batch 783
start embedding batch 784
start embedding batch 785
start embedding batch 786
start embedding batch 787
start embedding batch 788
start embedding batch 789
start embedding batch 790
start embedding batch 791
start embedding batch 792
start embedding batch 793
start embedding batch 794
start embedding batch 795
start embedding batch 796
start embedding batch 797
start embedding batch 798
start embedding batch 799
start embedding batch 800
start embedding batch 801
start embedding batch 802
start embedding batch 803
start embedding batch 804
start embedding batch 805
start embedding batch 806
start embedding batch 807
start embedding batch 808
start embedding batch 809
start embedding batch 810
start embedding batch 811
start embedding batch 812
start embedding batch 813
start embedding batch 814
start embedding batch 815
start embedding batch 816
start embedding batch 817
start embedding batch 818
start embedding batch 819
start embedding batch 820
start embedding batch 821
start embedding batch 822
start embedding batch 823
start embedding batch 824
start embedding batch 825
start embedding batch 826
start embedding batch 827
start embedding batch 828
start embedding batch 829
start embedding batch 830
start embedding batch 831
start embedding batch 832
start embedding batch 833
start embedding batch 834
start embedding batch 835
start embedding batch 836
start embedding batch 837
start embedding batch 838
start embedding batch 839
start embedding batch 840
start embedding batch 841
start embedding batch 842
start embedding batch 843
start embedding batch 844
start embedding batch 845
start embedding batch 846
start embedding batch 847
start embedding batch 848
start embedding batch 849
start embedding batch 850
start embedding batch 851
start embedding batch 852
start embedding batch 853
start embedding batch 854
start embedding batch 855
start embedding batch 856
start embedding batch 857
start embedding batch 858
start embedding batch 859
start embedding batch 860
start embedding batch 861
start embedding batch 862
start embedding batch 863
start embedding batch 864
start embedding batch 865
start embedding batch 866
start embedding batch 867
start embedding batch 868
start embedding batch 869
start embedding batch 870
start embedding batch 871
start embedding batch 872
start embedding batch 873
start embedding batch 874
start embedding batch 875
start embedding batch 876
start embedding batch 877
start embedding batch 878
start embedding batch 879
start embedding batch 880
start embedding batch 881
start embedding batch 882
start embedding batch 883
start embedding batch 884
start embedding batch 885
start embedding batch 886
start embedding batch 887
start embedding batch 888
start embedding batch 889
start embedding batch 890
start embedding batch 891
start embedding batch 892
start embedding batch 893
start embedding batch 894
start embedding batch 895
start embedding batch 896
start embedding batch 897
start embedding batch 898
start embedding batch 899
start embedding batch 900
start embedding batch 901
start embedding batch 902
start embedding batch 903
start embedding batch 904
start embedding batch 905
start embedding batch 906
start embedding batch 907
start embedding batch 908
start embedding batch 909
start embedding batch 910
start embedding batch 911
start embedding batch 912
start embedding batch 913
start embedding batch 914
start embedding batch 915
start embedding batch 916
start embedding batch 917
start embedding batch 918
start embedding batch 919
start embedding batch 920
start embedding batch 921
start embedding batch 922
start embedding batch 923
start embedding batch 924
start embedding batch 925
start embedding batch 926
start embedding batch 927
start embedding batch 928
start embedding batch 929
start embedding batch 930
start embedding batch 931
start embedding batch 932
start embedding batch 933
start embedding batch 934
start embedding batch 935
start embedding batch 936
start embedding batch 937
start embedding batch 938
start embedding batch 939
start embedding batch 940
start embedding batch 941
start embedding batch 942
start embedding batch 943
start embedding batch 944
start embedding batch 945
start embedding batch 946
start embedding batch 947
start embedding batch 948
start embedding batch 949
start embedding batch 950
start embedding batch 951
start embedding batch 952
start embedding batch 953
start embedding batch 954
start embedding batch 955
start embedding batch 956
start embedding batch 957
start embedding batch 958
start embedding batch 959
start embedding batch 960
start embedding batch 961
start embedding batch 962
start embedding batch 963
start embedding batch 964
start embedding batch 965
start embedding batch 966
start embedding batch 967
start embedding batch 968
start embedding batch 969
start embedding batch 970
start embedding batch 971
start embedding batch 972
start embedding batch 973
start embedding batch 974
start embedding batch 975
start embedding batch 976
start embedding batch 977
start embedding batch 978
start embedding batch 979
start embedding batch 980
start embedding batch 981
start embedding batch 982
start embedding batch 983
start embedding batch 984
start embedding batch 985
start embedding batch 986
start embedding batch 987
start embedding batch 988
start embedding batch 989
start embedding batch 990
start embedding batch 991
start embedding batch 992
start embedding batch 993
start embedding batch 994
start embedding batch 995
start embedding batch 996
start embedding batch 997
start embedding batch 998
start embedding batch 999
start embedding batch 1000
start embedding batch 1001
start embedding batch 1002
start embedding batch 1003
start embedding batch 1004
start embedding batch 1005
start embedding batch 1006
start embedding batch 1007
start embedding batch 1008
start embedding batch 1009
start embedding batch 1010
start embedding batch 1011
start embedding batch 1012
start embedding batch 1013
start embedding batch 1014
start embedding batch 1015
start embedding batch 1016
start embedding batch 1017
start embedding batch 1018
start embedding batch 1019
start embedding batch 1020
start embedding batch 1021
start embedding batch 1022
start embedding batch 1023
start embedding batch 1024
start embedding batch 1025
start embedding batch 1026
start embedding batch 1027
start embedding batch 1028
start embedding batch 1029
start embedding batch 1030
start embedding batch 1031
start embedding batch 1032
start embedding batch 1033
start embedding batch 1034
start embedding batch 1035
start embedding batch 1036
start embedding batch 1037
start embedding batch 1038
start embedding batch 1039
start embedding batch 1040
start embedding batch 1041
start embedding batch 1042
start embedding batch 1043
start embedding batch 1044
start embedding batch 1045
start embedding batch 1046
start embedding batch 1047
start embedding batch 1048
start embedding batch 1049
start embedding batch 1050
start embedding batch 1051
start embedding batch 1052
start embedding batch 1053
start embedding batch 1054
start embedding batch 1055
start embedding batch 1056
start embedding batch 1057
start embedding batch 1058
start embedding batch 1059
start embedding batch 1060
start embedding batch 1061
start embedding batch 1062
start embedding batch 1063
start embedding batch 1064
start embedding batch 1065
start embedding batch 1066
start embedding batch 1067
start embedding batch 1068
start embedding batch 1069
start embedding batch 1070
start embedding batch 1071
start embedding batch 1072
start embedding batch 1073
start embedding batch 1074
start embedding batch 1075
start embedding batch 1076
start embedding batch 1077
start embedding batch 1078
start embedding batch 1079
start embedding batch 1080
start embedding batch 1081
start embedding batch 1082
start embedding batch 1083
start embedding batch 1084
start embedding batch 1085
start embedding batch 1086
start embedding batch 1087
start embedding batch 1088
start embedding batch 1089
start embedding batch 1090
start embedding batch 1091
start embedding batch 1092
start embedding batch 1093
start embedding batch 1094
start embedding batch 1095
start embedding batch 1096
start embedding batch 1097
start embedding batch 1098
start embedding batch 1099
start embedding batch 1100
start embedding batch 1101
start embedding batch 1102
start embedding batch 1103
start embedding batch 1104
start embedding batch 1105
start embedding batch 1106
start embedding batch 1107
start embedding batch 1108
start embedding batch 1109
start embedding batch 1110
start embedding batch 1111
start embedding batch 1112
start embedding batch 1113
start embedding batch 1114
start embedding batch 1115
start embedding batch 1116
start embedding batch 1117
start embedding batch 1118
start embedding batch 1119
start embedding batch 1120
start embedding batch 1121
start embedding batch 1122
start embedding batch 1123
start embedding batch 1124
start embedding batch 1125
start embedding batch 1126
start embedding batch 1127
start embedding batch 1128
start embedding batch 1129
start embedding batch 1130
start embedding batch 1131
start embedding batch 1132
start embedding batch 1133
start embedding batch 1134
start embedding batch 1135
start embedding batch 1136
start embedding batch 1137
start embedding batch 1138
start embedding batch 1139
start embedding batch 1140
start embedding batch 1141
start embedding batch 1142
start embedding batch 1143
start embedding batch 1144
start embedding batch 1145
start embedding batch 1146
start embedding batch 1147
start embedding batch 1148
start embedding batch 1149
start embedding batch 1150
start embedding batch 1151
start embedding batch 1152
start embedding batch 1153
start embedding batch 1154
start embedding batch 1155
start embedding batch 1156
start embedding batch 1157
start embedding batch 1158
start embedding batch 1159
start embedding batch 1160
start embedding batch 1161
start embedding batch 1162
start embedding batch 1163
start embedding batch 1164
start embedding batch 1165
start embedding batch 1166
start embedding batch 1167
start embedding batch 1168
start embedding batch 1169
start embedding batch 1170
start embedding batch 1171
start embedding batch 1172
start embedding batch 1173
start embedding batch 1174
start embedding batch 1175
start embedding batch 1176
start embedding batch 1177
start embedding batch 1178
start embedding batch 1179
start embedding batch 1180
start embedding batch 1181
start embedding batch 1182
start embedding batch 1183
start embedding batch 1184
start embedding batch 1185
start embedding batch 1186
start embedding batch 1187
start embedding batch 1188
start embedding batch 1189
start embedding batch 1190
start embedding batch 1191
start embedding batch 1192
start embedding batch 1193
start embedding batch 1194
start embedding batch 1195
start embedding batch 1196
start embedding batch 1197
start embedding batch 1198
start embedding batch 1199
start embedding batch 1200
start embedding batch 1201
start embedding batch 1202
start embedding batch 1203
start embedding batch 1204
start embedding batch 1205
start embedding batch 1206
start embedding batch 1207
start embedding batch 1208
start embedding batch 1209
start embedding batch 1210
start embedding batch 1211
start embedding batch 1212
start embedding batch 1213
start embedding batch 1214
start embedding batch 1215
start embedding batch 1216
start embedding batch 1217
start embedding batch 1218
start embedding batch 1219
start embedding batch 1220
start embedding batch 1221
start embedding batch 1222
start embedding batch 1223
start embedding batch 1224
start embedding batch 1225
start embedding batch 1226
start embedding batch 1227
start embedding batch 1228
start embedding batch 1229
start embedding batch 1230
start embedding batch 1231
start embedding batch 1232
start embedding batch 1233
start embedding batch 1234
start embedding batch 1235
start embedding batch 1236
start embedding batch 1237
start embedding batch 1238
start embedding batch 1239
start embedding batch 1240
start embedding batch 1241
start embedding batch 1242
start embedding batch 1243
start embedding batch 1244
start embedding batch 1245
start embedding batch 1246
start embedding batch 1247
start embedding batch 1248
start embedding batch 1249
start embedding batch 1250
start embedding batch 1251
start embedding batch 1252
start embedding batch 1253
start embedding batch 1254
start embedding batch 1255
start embedding batch 1256
start embedding batch 1257
start embedding batch 1258
start embedding batch 1259
start embedding batch 1260
start embedding batch 1261
start embedding batch 1262
start embedding batch 1263
start embedding batch 1264
start embedding batch 1265
start embedding batch 1266
start embedding batch 1267
start embedding batch 1268
start embedding batch 1269
start embedding batch 1270
start embedding batch 1271
start embedding batch 1272
start embedding batch 1273
start embedding batch 1274
start embedding batch 1275
start embedding batch 1276
start embedding batch 1277
start embedding batch 1278
start embedding batch 1279
start embedding batch 1280
start embedding batch 1281
start embedding batch 1282
start embedding batch 1283
start embedding batch 1284
start embedding batch 1285
start embedding batch 1286
start embedding batch 1287
start embedding batch 1288
start embedding batch 1289
start embedding batch 1290
start embedding batch 1291
start embedding batch 1292
start embedding batch 1293
start embedding batch 1294
start embedding batch 1295
start embedding batch 1296
start embedding batch 1297
start embedding batch 1298
start embedding batch 1299
start embedding batch 1300
start embedding batch 1301
start embedding batch 1302
start embedding batch 1303
start embedding batch 1304
start embedding batch 1305
start embedding batch 1306
start embedding batch 1307
start embedding batch 1308
start embedding batch 1309
start embedding batch 1310
start embedding batch 1311
start embedding batch 1312
start embedding batch 1313
start embedding batch 1314
start embedding batch 1315
start embedding batch 1316
start embedding batch 1317
start embedding batch 1318
start embedding batch 1319
start embedding batch 1320
start embedding batch 1321
start embedding batch 1322
start embedding batch 1323
start embedding batch 1324
start embedding batch 1325
start embedding batch 1326
start embedding batch 1327
start embedding batch 1328
start embedding batch 1329
start embedding batch 1330
start embedding batch 1331
start embedding batch 1332
start embedding batch 1333
start embedding batch 1334
start embedding batch 1335
start embedding batch 1336
start embedding batch 1337
start embedding batch 1338
start embedding batch 1339
start embedding batch 1340
start embedding batch 1341
start embedding batch 1342
start embedding batch 1343
start embedding batch 1344
start embedding batch 1345
start embedding batch 1346
start embedding batch 1347
start embedding batch 1348
start embedding batch 1349
start embedding batch 1350
start embedding batch 1351
start embedding batch 1352
start embedding batch 1353
start embedding batch 1354
start embedding batch 1355
start embedding batch 1356
start embedding batch 1357
start embedding batch 1358
start embedding batch 1359
start embedding batch 1360
start embedding batch 1361
start embedding batch 1362
start embedding batch 1363
start embedding batch 1364
start embedding batch 1365
start embedding batch 1366
start embedding batch 1367
start embedding batch 1368
start embedding batch 1369
start embedding batch 1370
start embedding batch 1371
start embedding batch 1372
start embedding batch 1373
start embedding batch 1374
start embedding batch 1375
start embedding batch 1376
start embedding batch 1377
start embedding batch 1378
start embedding batch 1379
start embedding batch 1380
start embedding batch 1381
start embedding batch 1382
start embedding batch 1383
start embedding batch 1384
start embedding batch 1385
start embedding batch 1386
start embedding batch 1387
start embedding batch 1388
start embedding batch 1389
start embedding batch 1390
start embedding batch 1391
start embedding batch 1392
start embedding batch 1393
start embedding batch 1394
start embedding batch 1395
start embedding batch 1396
start embedding batch 1397
start embedding batch 1398
start embedding batch 1399
start embedding batch 1400
start embedding batch 1401
start embedding batch 1402
start embedding batch 1403
start embedding batch 1404
start embedding batch 1405
start embedding batch 1406
start embedding batch 1407
start embedding batch 1408
start embedding batch 1409
start embedding batch 1410
start embedding batch 1411
start embedding batch 1412
start embedding batch 1413
start embedding batch 1414
start embedding batch 1415
start embedding batch 1416
start embedding batch 1417
start embedding batch 1418
start embedding batch 1419
start embedding batch 1420
start embedding batch 1421
start embedding batch 1422
start embedding batch 1423
start embedding batch 1424
start embedding batch 1425
start embedding batch 1426
start embedding batch 1427
start embedding batch 1428
start embedding batch 1429
start embedding batch 1430
start embedding batch 1431
start embedding batch 1432
start embedding batch 1433
start embedding batch 1434
start embedding batch 1435
start embedding batch 1436
start embedding batch 1437
start embedding batch 1438
start embedding batch 1439
start embedding batch 1440
start embedding batch 1441
start embedding batch 1442
start embedding batch 1443
start embedding batch 1444
start embedding batch 1445
start embedding batch 1446
start embedding batch 1447
start embedding batch 1448
start embedding batch 1449
start embedding batch 1450
start embedding batch 1451
start embedding batch 1452
start embedding batch 1453
start embedding batch 1454
start embedding batch 1455
start embedding batch 1456
start embedding batch 1457
start embedding batch 1458
start embedding batch 1459
start embedding batch 1460
start embedding batch 1461
start embedding batch 1462
start embedding batch 1463
start embedding batch 1464
start embedding batch 1465
start embedding batch 1466
start embedding batch 1467
start embedding batch 1468
start embedding batch 1469
start embedding batch 1470
start embedding batch 1471
start embedding batch 1472
start embedding batch 1473
start embedding batch 1474
start embedding batch 1475
start embedding batch 1476
start embedding batch 1477
start embedding batch 1478
start embedding batch 1479
start embedding batch 1480
start embedding batch 1481
start embedding batch 1482
start embedding batch 1483
start embedding batch 1484
start embedding batch 1485
start embedding batch 1486
start embedding batch 1487
start embedding batch 1488
start embedding batch 1489
start embedding batch 1490
start embedding batch 1491
start embedding batch 1492
start embedding batch 1493
start embedding batch 1494
start embedding batch 1495
start embedding batch 1496
start embedding batch 1497
start embedding batch 1498
start embedding batch 1499
start embedding batch 1500
start embedding batch 1501
start embedding batch 1502
start embedding batch 1503
start embedding batch 1504
start embedding batch 1505
start embedding batch 1506
start embedding batch 1507
start embedding batch 1508
start embedding batch 1509
start embedding batch 1510
start embedding batch 1511
start embedding batch 1512
start embedding batch 1513
start embedding batch 1514
start embedding batch 1515
start embedding batch 1516
start embedding batch 1517
start embedding batch 1518
start embedding batch 1519
start embedding batch 1520
start embedding batch 1521
start embedding batch 1522
start embedding batch 1523
start embedding batch 1524
start embedding batch 1525
start embedding batch 1526
start embedding batch 1527
start embedding batch 1528
start embedding batch 1529
start embedding batch 1530
start embedding batch 1531
start embedding batch 1532
start embedding batch 1533
start embedding batch 1534
start embedding batch 1535
start embedding batch 1536
start embedding batch 1537
start embedding batch 1538
start embedding batch 1539
start embedding batch 1540
start embedding batch 1541
start embedding batch 1542
start embedding batch 1543
start embedding batch 1544
start embedding batch 1545
start embedding batch 1546
start embedding batch 1547
start embedding batch 1548
start embedding batch 1549
start embedding batch 1550
start embedding batch 1551
start embedding batch 1552
start embedding batch 1553
start embedding batch 1554
start embedding batch 1555
start embedding batch 1556
start embedding batch 1557
start embedding batch 1558
start embedding batch 1559
start embedding batch 1560
start embedding batch 1561
start embedding batch 1562
start embedding batch 1563
start embedding batch 1564
start embedding batch 1565
start embedding batch 1566
start embedding batch 1567
start embedding batch 1568
start embedding batch 1569
start embedding batch 1570
start embedding batch 1571
start embedding batch 1572
start embedding batch 1573
start embedding batch 1574
start embedding batch 1575
start embedding batch 1576
start embedding batch 1577
start embedding batch 1578
start embedding batch 1579
start embedding batch 1580
start embedding batch 1581
start embedding batch 1582
start embedding batch 1583
start embedding batch 1584
start embedding batch 1585
start embedding batch 1586
start embedding batch 1587
start embedding batch 1588
start embedding batch 1589
start embedding batch 1590
start embedding batch 1591
start embedding batch 1592
start embedding batch 1593
start embedding batch 1594
start embedding batch 1595
start embedding batch 1596
start embedding batch 1597
start embedding batch 1598
start embedding batch 1599
start embedding batch 1600
start embedding batch 1601
start embedding batch 1602
start embedding batch 1603
start embedding batch 1604
start embedding batch 1605
start embedding batch 1606
start embedding batch 1607
start embedding batch 1608
start embedding batch 1609
start embedding batch 1610
start embedding batch 1611
start embedding batch 1612
start embedding batch 1613
start embedding batch 1614
start embedding batch 1615
start embedding batch 1616
start embedding batch 1617
start embedding batch 1618
start embedding batch 1619
start embedding batch 1620
start embedding batch 1621
start embedding batch 1622
start embedding batch 1623
start embedding batch 1624
start embedding batch 1625
start embedding batch 1626
start embedding batch 1627
start embedding batch 1628
start embedding batch 1629
start embedding batch 1630
start embedding batch 1631
start embedding batch 1632
start embedding batch 1633
start embedding batch 1634
start embedding batch 1635
start embedding batch 1636
start embedding batch 1637
start embedding batch 1638
start embedding batch 1639
start embedding batch 1640
start embedding batch 1641
start embedding batch 1642
start embedding batch 1643
start embedding batch 1644
start embedding batch 1645
start embedding batch 1646
start embedding batch 1647
start embedding batch 1648
start embedding batch 1649
start embedding batch 1650
start embedding batch 1651
start embedding batch 1652
start embedding batch 1653
start embedding batch 1654
start embedding batch 1655
start embedding batch 1656
start embedding batch 1657
start embedding batch 1658
start embedding batch 1659
start embedding batch 1660
start embedding batch 1661
start embedding batch 1662
start embedding batch 1663
start embedding batch 1664
start embedding batch 1665
start embedding batch 1666
start embedding batch 1667
start embedding batch 1668
start embedding batch 1669
start embedding batch 1670
start embedding batch 1671
start embedding batch 1672
start embedding batch 1673
start embedding batch 1674
start embedding batch 1675
start embedding batch 1676
start embedding batch 1677
start embedding batch 1678
start embedding batch 1679
start embedding batch 1680
start embedding batch 1681
start embedding batch 1682
start embedding batch 1683
start embedding batch 1684
start embedding batch 1685
start embedding batch 1686
start embedding batch 1687
start embedding batch 1688
start embedding batch 1689
start embedding batch 1690
start embedding batch 1691
start embedding batch 1692
start embedding batch 1693
start embedding batch 1694
start embedding batch 1695
start embedding batch 1696
start embedding batch 1697
start embedding batch 1698
start embedding batch 1699
start embedding batch 1700
start embedding batch 1701
start embedding batch 1702
start embedding batch 1703
start embedding batch 1704
start embedding batch 1705
start embedding batch 1706
start embedding batch 1707
start embedding batch 1708
start embedding batch 1709
start embedding batch 1710
start embedding batch 1711
start embedding batch 1712
start embedding batch 1713
start embedding batch 1714
start embedding batch 1715
start embedding batch 1716
start embedding batch 1717
start embedding batch 1718
start embedding batch 1719
start embedding batch 1720
start embedding batch 1721
start embedding batch 1722
start embedding batch 1723
start embedding batch 1724
start embedding batch 1725
start embedding batch 1726
start embedding batch 1727
start embedding batch 1728
start embedding batch 1729
start embedding batch 1730
start embedding batch 1731
start embedding batch 1732
start embedding batch 1733
start embedding batch 1734
start embedding batch 1735
start embedding batch 1736
start embedding batch 1737
start embedding batch 1738
start embedding batch 1739
start embedding batch 1740
start embedding batch 1741
start embedding batch 1742
start embedding batch 1743
start embedding batch 1744
start embedding batch 1745
start embedding batch 1746
start embedding batch 1747
start embedding batch 1748
start embedding batch 1749
start embedding batch 1750
start embedding batch 1751
start embedding batch 1752
start embedding batch 1753
start embedding batch 1754
start embedding batch 1755
start embedding batch 1756
start embedding batch 1757
start embedding batch 1758
start embedding batch 1759
start embedding batch 1760
start embedding batch 1761
start embedding batch 1762
start embedding batch 1763
start embedding batch 1764
start embedding batch 1765
start embedding batch 1766
start embedding batch 1767
start embedding batch 1768
start embedding batch 1769
start embedding batch 1770
start embedding batch 1771
start embedding batch 1772
start embedding batch 1773
start embedding batch 1774
start embedding batch 1775
start embedding batch 1776
start embedding batch 1777
start embedding batch 1778
start embedding batch 1779
start embedding batch 1780
start embedding batch 1781
start embedding batch 1782
start embedding batch 1783
start embedding batch 1784
start embedding batch 1785
start embedding batch 1786
start embedding batch 1787
start embedding batch 1788
start embedding batch 1789
start embedding batch 1790
start embedding batch 1791
start embedding batch 1792
start embedding batch 1793
start embedding batch 1794
start embedding batch 1795
start embedding batch 1796
start embedding batch 1797
start embedding batch 1798
start embedding batch 1799
start embedding batch 1800
start embedding batch 1801
start embedding batch 1802
start embedding batch 1803
start embedding batch 1804
start embedding batch 1805
start embedding batch 1806
start embedding batch 1807
start embedding batch 1808
start embedding batch 1809
start embedding batch 1810
start embedding batch 1811
start embedding batch 1812
start embedding batch 1813
start embedding batch 1814
start embedding batch 1815
start embedding batch 1816
start embedding batch 1817
start embedding batch 1818
start embedding batch 1819
start embedding batch 1820
start embedding batch 1821
start embedding batch 1822
start embedding batch 1823
start embedding batch 1824
start embedding batch 1825
start embedding batch 1826
start embedding batch 1827
start embedding batch 1828
start embedding batch 1829
start embedding batch 1830
start embedding batch 1831
start embedding batch 1832
start embedding batch 1833
start embedding batch 1834
start embedding batch 1835
start embedding batch 1836
start embedding batch 1837
start embedding batch 1838
start embedding batch 1839
start embedding batch 1840
start embedding batch 1841
start embedding batch 1842
start embedding batch 1843
start embedding batch 1844
start embedding batch 1845
start embedding batch 1846
start embedding batch 1847
start embedding batch 1848
start embedding batch 1849
start embedding batch 1850
start embedding batch 1851
start embedding batch 1852
start embedding batch 1853
start embedding batch 1854
start embedding batch 1855
start embedding batch 1856
start embedding batch 1857
start embedding batch 1858
start embedding batch 1859
start embedding batch 1860
start embedding batch 1861
start embedding batch 1862
start embedding batch 1863
start embedding batch 1864
start embedding batch 1865
start embedding batch 1866
start embedding batch 1867
start embedding batch 1868
start embedding batch 1869
start embedding batch 1870
start embedding batch 1871
start embedding batch 1872
start embedding batch 1873
start embedding batch 1874
start embedding batch 1875
start embedding batch 1876
start embedding batch 1877
start embedding batch 1878
start embedding batch 1879
start embedding batch 1880
start embedding batch 1881
start embedding batch 1882
start embedding batch 1883
start embedding batch 1884
start embedding batch 1885
start embedding batch 1886
start embedding batch 1887
start embedding batch 1888
start embedding batch 1889
start embedding batch 1890
start embedding batch 1891
start embedding batch 1892
start embedding batch 1893
start embedding batch 1894
start embedding batch 1895
start embedding batch 1896
start embedding batch 1897
start embedding batch 1898
start embedding batch 1899
start embedding batch 1900
start embedding batch 1901
start embedding batch 1902
start embedding batch 1903
start embedding batch 1904
start embedding batch 1905
start embedding batch 1906
start embedding batch 1907
start embedding batch 1908
start embedding batch 1909
start embedding batch 1910
start embedding batch 1911
start embedding batch 1912
start embedding batch 1913
start embedding batch 1914
start embedding batch 1915
start embedding batch 1916
start embedding batch 1917
start embedding batch 1918
start embedding batch 1919
start embedding batch 1920
start embedding batch 1921
start embedding batch 1922
start embedding batch 1923
start embedding batch 1924
start embedding batch 1925
start embedding batch 1926
start embedding batch 1927
start embedding batch 1928
start embedding batch 1929
start embedding batch 1930
start embedding batch 1931
start embedding batch 1932
start embedding batch 1933
start embedding batch 1934
start embedding batch 1935
start embedding batch 1936
start embedding batch 1937
start embedding batch 1938
start embedding batch 1939
start embedding batch 1940
start embedding batch 1941
start embedding batch 1942
start embedding batch 1943
start embedding batch 1944
start embedding batch 1945
start embedding batch 1946
start embedding batch 1947
start embedding batch 1948
start embedding batch 1949
start embedding batch 1950
start embedding batch 1951
start embedding batch 1952
start embedding batch 1953
start embedding batch 1954
start embedding batch 1955
start embedding batch 1956
start embedding batch 1957
start embedding batch 1958
start embedding batch 1959
start embedding batch 1960
start embedding batch 1961
start embedding batch 1962
start embedding batch 1963
start embedding batch 1964
start embedding batch 1965
start embedding batch 1966
start embedding batch 1967
start embedding batch 1968
start embedding batch 1969
start embedding batch 1970
start embedding batch 1971
start embedding batch 1972
start embedding batch 1973
start embedding batch 1974
start embedding batch 1975
start embedding batch 1976
start embedding batch 1977
start embedding batch 1978
start embedding batch 1979
start embedding batch 1980
start embedding batch 1981
start embedding batch 1982
start embedding batch 1983
start embedding batch 1984
start embedding batch 1985
start embedding batch 1986
start embedding batch 1987
start embedding batch 1988
start embedding batch 1989
start embedding batch 1990
start embedding batch 1991
start embedding batch 1992
start embedding batch 1993
start embedding batch 1994
start embedding batch 1995
start embedding batch 1996
start embedding batch 1997
start embedding batch 1998
start embedding batch 1999
start embedding batch 2000
start embedding batch 2001
start embedding batch 2002
start embedding batch 2003
start embedding batch 2004
start embedding batch 2005
start embedding batch 2006
start embedding batch 2007
start embedding batch 2008
start embedding batch 2009
start embedding batch 2010
start embedding batch 2011
start embedding batch 2012
start embedding batch 2013
start embedding batch 2014
start embedding batch 2015
start embedding batch 2016
start embedding batch 2017
start embedding batch 2018
start embedding batch 2019
start embedding batch 2020
start embedding batch 2021
start embedding batch 2022
start embedding batch 2023
start embedding batch 2024
start embedding batch 2025
start embedding batch 2026
start embedding batch 2027
start embedding batch 2028
start embedding batch 2029
start embedding batch 2030
start embedding batch 2031
start embedding batch 2032
start embedding batch 2033
start embedding batch 2034
start embedding batch 2035
start embedding batch 2036
start embedding batch 2037
start embedding batch 2038
start embedding batch 2039
start embedding batch 2040
start embedding batch 2041
start embedding batch 2042
start embedding batch 2043
start embedding batch 2044
start embedding batch 2045
start embedding batch 2046
start embedding batch 2047
start embedding batch 2048
start embedding batch 2049
start embedding batch 2050
start embedding batch 2051
start embedding batch 2052
start embedding batch 2053
start embedding batch 2054
start embedding batch 2055
start embedding batch 2056
start embedding batch 2057
start embedding batch 2058
start embedding batch 2059
start embedding batch 2060
start embedding batch 2061
start embedding batch 2062
start embedding batch 2063
start embedding batch 2064
start embedding batch 2065
start embedding batch 2066
start embedding batch 2067
start embedding batch 2068
start embedding batch 2069
start embedding batch 2070
start embedding batch 2071
start embedding batch 2072
start embedding batch 2073
start embedding batch 2074
start embedding batch 2075
start embedding batch 2076
start embedding batch 2077
start embedding batch 2078
start embedding batch 2079
start embedding batch 2080
start embedding batch 2081
start embedding batch 2082
start embedding batch 2083
start embedding batch 2084
start embedding batch 2085
start embedding batch 2086
start embedding batch 2087
start embedding batch 2088
start embedding batch 2089
start embedding batch 2090
start embedding batch 2091
start embedding batch 2092
start embedding batch 2093
start embedding batch 2094
start embedding batch 2095
start embedding batch 2096
start embedding batch 2097
start embedding batch 2098
start embedding batch 2099
start embedding batch 2100
start embedding batch 2101
start embedding batch 2102
start embedding batch 2103
start embedding batch 2104
start embedding batch 2105
start embedding batch 2106
start embedding batch 2107
start embedding batch 2108
start embedding batch 2109
start embedding batch 2110
start embedding batch 2111
start embedding batch 2112
start embedding batch 2113
start embedding batch 2114
start embedding batch 2115
start embedding batch 2116
start embedding batch 2117
start embedding batch 2118
start embedding batch 2119
start embedding batch 2120
start embedding batch 2121
start embedding batch 2122
start embedding batch 2123
start embedding batch 2124
start embedding batch 2125
start embedding batch 2126
start embedding batch 2127
start embedding batch 2128
start embedding batch 2129
start embedding batch 2130
start embedding batch 2131
start embedding batch 2132
start embedding batch 2133
start embedding batch 2134
start embedding batch 2135
start embedding batch 2136
start embedding batch 2137
start embedding batch 2138
start embedding batch 2139
start embedding batch 2140
start embedding batch 2141
start embedding batch 2142
start embedding batch 2143
start embedding batch 2144
start embedding batch 2145
start embedding batch 2146
start embedding batch 2147
start embedding batch 2148
start embedding batch 2149
start embedding batch 2150
start embedding batch 2151
start embedding batch 2152
start embedding batch 2153
start embedding batch 2154
start embedding batch 2155
start embedding batch 2156
start embedding batch 2157
start embedding batch 2158
start embedding batch 2159
start embedding batch 2160
start embedding batch 2161
start embedding batch 2162
start embedding batch 2163
start embedding batch 2164
start embedding batch 2165
start embedding batch 2166
start embedding batch 2167
start embedding batch 2168
start embedding batch 2169
start embedding batch 2170
start embedding batch 2171
start embedding batch 2172
start embedding batch 2173
start embedding batch 2174
start embedding batch 2175
start embedding batch 2176
start embedding batch 2177
start embedding batch 2178
start embedding batch 2179
start embedding batch 2180
start embedding batch 2181
start embedding batch 2182
start embedding batch 2183
start embedding batch 2184
start embedding batch 2185
start embedding batch 2186
start embedding batch 2187
start embedding batch 2188
start embedding batch 2189
start embedding batch 2190
start embedding batch 2191
start embedding batch 2192
start embedding batch 2193
start embedding batch 2194
start embedding batch 2195
start embedding batch 2196
start embedding batch 2197
start embedding batch 2198
start embedding batch 2199
start embedding batch 2200
start embedding batch 2201
start embedding batch 2202
start embedding batch 2203
start embedding batch 2204
start embedding batch 2205
start embedding batch 2206
start embedding batch 2207
start embedding batch 2208
start embedding batch 2209
start embedding batch 2210
start embedding batch 2211
start embedding batch 2212
start embedding batch 2213
start embedding batch 2214
start embedding batch 2215
start embedding batch 2216
start embedding batch 2217
start embedding batch 2218
start embedding batch 2219
start embedding batch 2220
start embedding batch 2221
start embedding batch 2222
start embedding batch 2223
start embedding batch 2224
start embedding batch 2225
start embedding batch 2226
start embedding batch 2227
start embedding batch 2228
start embedding batch 2229
start embedding batch 2230
start embedding batch 2231
start embedding batch 2232
start embedding batch 2233
start embedding batch 2234
start embedding batch 2235
start embedding batch 2236
start embedding batch 2237
start embedding batch 2238
start embedding batch 2239
start embedding batch 2240
start embedding batch 2241
start embedding batch 2242
start embedding batch 2243
start embedding batch 2244
start embedding batch 2245
start embedding batch 2246
start embedding batch 2247
start embedding batch 2248
start embedding batch 2249
start embedding batch 2250
start embedding batch 2251
start embedding batch 2252
start embedding batch 2253
start embedding batch 2254
start embedding batch 2255
start embedding batch 2256
start embedding batch 2257
start embedding batch 2258
start embedding batch 2259
start embedding batch 2260
start embedding batch 2261
start embedding batch 2262
start embedding batch 2263
start embedding batch 2264
start embedding batch 2265
start embedding batch 2266
start embedding batch 2267
start embedding batch 2268
start embedding batch 2269
start embedding batch 2270
start embedding batch 2271
start embedding batch 2272
start embedding batch 2273
start embedding batch 2274
start embedding batch 2275
start embedding batch 2276
start embedding batch 2277
start embedding batch 2278
start embedding batch 2279
start embedding batch 2280
start embedding batch 2281
start embedding batch 2282
start embedding batch 2283
start embedding batch 2284
start embedding batch 2285
start embedding batch 2286
start embedding batch 2287
start embedding batch 2288
start embedding batch 2289
start embedding batch 2290
start embedding batch 2291
start embedding batch 2292
start embedding batch 2293
start embedding batch 2294
start embedding batch 2295
start embedding batch 2296
start embedding batch 2297
start embedding batch 2298
start embedding batch 2299
start embedding batch 2300
start embedding batch 2301
start embedding batch 2302
start embedding batch 2303
start embedding batch 2304
start embedding batch 2305
start embedding batch 2306
start embedding batch 2307
start embedding batch 2308
start embedding batch 2309
start embedding batch 2310
start embedding batch 2311
start embedding batch 2312
start embedding batch 2313
start embedding batch 2314
start embedding batch 2315
start embedding batch 2316
start embedding batch 2317
start embedding batch 2318
start embedding batch 2319
start embedding batch 2320
start embedding batch 2321
start embedding batch 2322
start embedding batch 2323
start embedding batch 2324
start embedding batch 2325
start embedding batch 2326
start embedding batch 2327
start embedding batch 2328
start embedding batch 2329
start embedding batch 2330
start embedding batch 2331
start embedding batch 2332
start embedding batch 2333
start embedding batch 2334
start embedding batch 2335
start embedding batch 2336
start embedding batch 2337
start embedding batch 2338
start embedding batch 2339
start embedding batch 2340
start embedding batch 2341
start embedding batch 2342
start embedding batch 2343
start embedding batch 2344
start embedding batch 2345
start embedding batch 2346
start embedding batch 2347
start embedding batch 2348
start embedding batch 2349
start embedding batch 2350
start embedding batch 2351
start embedding batch 2352
start embedding batch 2353
start embedding batch 2354
start embedding batch 2355
start embedding batch 2356
start embedding batch 2357
start embedding batch 2358
start embedding batch 2359
start embedding batch 2360
start embedding batch 2361
start embedding batch 2362
start embedding batch 2363
start embedding batch 2364
start embedding batch 2365
start embedding batch 2366
start embedding batch 2367
start embedding batch 2368
start embedding batch 2369
start embedding batch 2370
start embedding batch 2371
start embedding batch 2372
start embedding batch 2373
start embedding batch 2374
start embedding batch 2375
start embedding batch 2376
start embedding batch 2377
start embedding batch 2378
start embedding batch 2379
start embedding batch 2380
start embedding batch 2381
start embedding batch 2382
start embedding batch 2383
start embedding batch 2384
start embedding batch 2385
start embedding batch 2386
start embedding batch 2387
start embedding batch 2388
start embedding batch 2389
start embedding batch 2390
start embedding batch 2391
start embedding batch 2392
start embedding batch 2393
start embedding batch 2394
start embedding batch 2395
start embedding batch 2396
start embedding batch 2397
start embedding batch 2398
start embedding batch 2399
start embedding batch 2400
start embedding batch 2401
start embedding batch 2402
start embedding batch 2403
start embedding batch 2404
start embedding batch 2405
start embedding batch 2406
start embedding batch 2407
start embedding batch 2408
start embedding batch 2409
start embedding batch 2410
start embedding batch 2411
start embedding batch 2412
start embedding batch 2413
start embedding batch 2414
start embedding batch 2415
start embedding batch 2416
start embedding batch 2417
start embedding batch 2418
start embedding batch 2419
start embedding batch 2420
start embedding batch 2421
start embedding batch 2422
start embedding batch 2423
start embedding batch 2424
start embedding batch 2425
start embedding batch 2426
start embedding batch 2427
start embedding batch 2428
start embedding batch 2429
start embedding batch 2430
start embedding batch 2431
start embedding batch 2432
start embedding batch 2433
start embedding batch 2434
start embedding batch 2435
start embedding batch 2436
start embedding batch 2437
start embedding batch 2438
start embedding batch 2439
start embedding batch 2440
start embedding batch 2441
start embedding batch 2442
start embedding batch 2443
start embedding batch 2444
start embedding batch 2445
start embedding batch 2446
start embedding batch 2447
start embedding batch 2448
start embedding batch 2449
start embedding batch 2450
start embedding batch 2451
start embedding batch 2452
start embedding batch 2453
start embedding batch 2454
start embedding batch 2455
start embedding batch 2456
start embedding batch 2457
start embedding batch 2458
start embedding batch 2459
start embedding batch 2460
start embedding batch 2461
start embedding batch 2462
start embedding batch 2463
start embedding batch 2464
start embedding batch 2465
start embedding batch 2466
start embedding batch 2467
start embedding batch 2468
start embedding batch 2469
start embedding batch 2470
start embedding batch 2471
start embedding batch 2472
start embedding batch 2473
start embedding batch 2474
start embedding batch 2475
start embedding batch 2476
start embedding batch 2477
start embedding batch 2478
start embedding batch 2479
start embedding batch 2480
start embedding batch 2481
start embedding batch 2482
start embedding batch 2483
start embedding batch 2484
start embedding batch 2485
start embedding batch 2486
start embedding batch 2487
start embedding batch 2488
start embedding batch 2489
start embedding batch 2490
start embedding batch 2491
start embedding batch 2492
start embedding batch 2493
start embedding batch 2494
start embedding batch 2495
start embedding batch 2496
start embedding batch 2497
start embedding batch 2498
start embedding batch 2499
start embedding batch 2500
start embedding batch 2501
start embedding batch 2502
start embedding batch 2503
start embedding batch 2504
start embedding batch 2505
start embedding batch 2506
start embedding batch 2507
start embedding batch 2508
start embedding batch 2509
start embedding batch 2510
start embedding batch 2511
start embedding batch 2512
start embedding batch 2513
start embedding batch 2514
start embedding batch 2515
start embedding batch 2516
start embedding batch 2517
start embedding batch 2518
start embedding batch 2519
start embedding batch 2520
start embedding batch 2521
start embedding batch 2522
start embedding batch 2523
start embedding batch 2524
start embedding batch 2525
start embedding batch 2526
start embedding batch 2527
start embedding batch 2528
start embedding batch 2529
start embedding batch 2530
start embedding batch 2531
start embedding batch 2532
start embedding batch 2533
start embedding batch 2534
start embedding batch 2535
start embedding batch 2536
start embedding batch 2537
start embedding batch 2538
start embedding batch 2539
start embedding batch 2540
start embedding batch 2541
start embedding batch 2542
start embedding batch 2543
start embedding batch 2544
start embedding batch 2545
start embedding batch 2546
start embedding batch 2547
start embedding batch 2548
start embedding batch 2549
start embedding batch 2550
start embedding batch 2551
start embedding batch 2552
start embedding batch 2553
start embedding batch 2554
start embedding batch 2555
start embedding batch 2556
start embedding batch 2557
start embedding batch 2558
start embedding batch 2559
start embedding batch 2560
start embedding batch 2561
start embedding batch 2562
start embedding batch 2563
start embedding batch 2564
start embedding batch 2565
start embedding batch 2566
start embedding batch 2567
start embedding batch 2568
start embedding batch 2569
start embedding batch 2570
start embedding batch 2571
start embedding batch 2572
start embedding batch 2573
start embedding batch 2574
start embedding batch 2575
start embedding batch 2576
start embedding batch 2577
start embedding batch 2578
start embedding batch 2579
start embedding batch 2580
start embedding batch 2581
start embedding batch 2582
start embedding batch 2583
start embedding batch 2584
start embedding batch 2585
start embedding batch 2586
start embedding batch 2587
start embedding batch 2588
start embedding batch 2589
start embedding batch 2590
start embedding batch 2591
start embedding batch 2592
start embedding batch 2593
start embedding batch 2594
start embedding batch 2595
start embedding batch 2596
start embedding batch 2597
start embedding batch 2598
start embedding batch 2599
start embedding batch 2600
start embedding batch 2601
start embedding batch 2602
start embedding batch 2603
start embedding batch 2604
start embedding batch 2605
start embedding batch 2606
start embedding batch 2607
start embedding batch 2608
start embedding batch 2609
start embedding batch 2610
start embedding batch 2611
start embedding batch 2612
start embedding batch 2613
start embedding batch 2614
start embedding batch 2615
start embedding batch 2616
start embedding batch 2617
start embedding batch 2618
start embedding batch 2619
start embedding batch 2620
start embedding batch 2621
start embedding batch 2622
start embedding batch 2623
start embedding batch 2624
start embedding batch 2625
start embedding batch 2626
start embedding batch 2627
start embedding batch 2628
start embedding batch 2629
start embedding batch 2630
start embedding batch 2631
start embedding batch 2632
start embedding batch 2633
start embedding batch 2634
start embedding batch 2635
start embedding batch 2636
start embedding batch 2637
start embedding batch 2638
start embedding batch 2639
start embedding batch 2640
start embedding batch 2641
start embedding batch 2642
start embedding batch 2643
start embedding batch 2644
start embedding batch 2645
start embedding batch 2646
start embedding batch 2647
start embedding batch 2648
start embedding batch 2649
start embedding batch 2650
start embedding batch 2651
start embedding batch 2652
start embedding batch 2653
start embedding batch 2654
start embedding batch 2655
start embedding batch 2656
start embedding batch 2657
start embedding batch 2658
start embedding batch 2659
start embedding batch 2660
start embedding batch 2661
start embedding batch 2662
start embedding batch 2663
start embedding batch 2664
start embedding batch 2665
start embedding batch 2666
start embedding batch 2667
start embedding batch 2668
start embedding batch 2669
start embedding batch 2670
start embedding batch 2671
start embedding batch 2672
start embedding batch 2673
start embedding batch 2674
start embedding batch 2675
start embedding batch 2676
start embedding batch 2677
start embedding batch 2678
start embedding batch 2679
start embedding batch 2680
start embedding batch 2681
start embedding batch 2682
start embedding batch 2683
start embedding batch 2684
start embedding batch 2685
start embedding batch 2686
start embedding batch 2687
start embedding batch 2688
start embedding batch 2689
start embedding batch 2690
start embedding batch 2691
start embedding batch 2692
start embedding batch 2693
start embedding batch 2694
start embedding batch 2695
start embedding batch 2696
start embedding batch 2697
start embedding batch 2698
start embedding batch 2699
start embedding batch 2700
start embedding batch 2701
start embedding batch 2702
start embedding batch 2703
start embedding batch 2704
start embedding batch 2705
start embedding batch 2706
start embedding batch 2707
start embedding batch 2708
start embedding batch 2709
start embedding batch 2710
start embedding batch 2711
start embedding batch 2712
start embedding batch 2713
start embedding batch 2714
start embedding batch 2715
start embedding batch 2716
start embedding batch 2717
start embedding batch 2718
start embedding batch 2719
start embedding batch 2720
start embedding batch 2721
start embedding batch 2722
start embedding batch 2723
start embedding batch 2724
start embedding batch 2725
start embedding batch 2726
start embedding batch 2727
start embedding batch 2728
start embedding batch 2729
start embedding batch 2730
start embedding batch 2731
start embedding batch 2732
start embedding batch 2733
start embedding batch 2734
start embedding batch 2735
start embedding batch 2736
start embedding batch 2737
start embedding batch 2738
start embedding batch 2739
start embedding batch 2740
start embedding batch 2741
start embedding batch 2742
start embedding batch 2743
start embedding batch 2744
start embedding batch 2745
start embedding batch 2746
start embedding batch 2747
start embedding batch 2748
start embedding batch 2749
start embedding batch 2750
start embedding batch 2751
start embedding batch 2752
start embedding batch 2753
start embedding batch 2754
start embedding batch 2755
start embedding batch 2756
start embedding batch 2757
start embedding batch 2758
start embedding batch 2759
start embedding batch 2760
start embedding batch 2761
start embedding batch 2762
start embedding batch 2763
start embedding batch 2764
start embedding batch 2765
start embedding batch 2766
start embedding batch 2767
start embedding batch 2768
start embedding batch 2769
start embedding batch 2770
start embedding batch 2771
start embedding batch 2772
start embedding batch 2773
start embedding batch 2774
start embedding batch 2775
start embedding batch 2776
start embedding batch 2777
start embedding batch 2778
start embedding batch 2779
start embedding batch 2780
start embedding batch 2781
start embedding batch 2782
start embedding batch 2783
start embedding batch 2784
start embedding batch 2785
start embedding batch 2786
start embedding batch 2787
start embedding batch 2788
start embedding batch 2789
start embedding batch 2790
start embedding batch 2791
start embedding batch 2792
start embedding batch 2793
start embedding batch 2794
start embedding batch 2795
start embedding batch 2796
start embedding batch 2797
start embedding batch 2798
start embedding batch 2799
start embedding batch 2800
start embedding batch 2801
start embedding batch 2802
start embedding batch 2803
start embedding batch 2804
start embedding batch 2805
start embedding batch 2806
start embedding batch 2807
start embedding batch 2808
start embedding batch 2809
start embedding batch 2810
start embedding batch 2811
start embedding batch 2812
start embedding batch 2813
start embedding batch 2814
start embedding batch 2815
start embedding batch 2816
start embedding batch 2817
start embedding batch 2818
start embedding batch 2819
start embedding batch 2820
start embedding batch 2821
start embedding batch 2822
start embedding batch 2823
start embedding batch 2824
start embedding batch 2825
start embedding batch 2826
start embedding batch 2827
start embedding batch 2828
start embedding batch 2829
start embedding batch 2830
start embedding batch 2831
start embedding batch 2832
start embedding batch 2833
start embedding batch 2834
start embedding batch 2835
start embedding batch 2836
start embedding batch 2837
start embedding batch 2838
start embedding batch 2839
start embedding batch 2840
start embedding batch 2841
start embedding batch 2842
start embedding batch 2843
start embedding batch 2844
start embedding batch 2845
start embedding batch 2846
start embedding batch 2847
start embedding batch 2848
start embedding batch 2849
start embedding batch 2850
start embedding batch 2851
start embedding batch 2852
start embedding batch 2853
start embedding batch 2854
start embedding batch 2855
start embedding batch 2856
start embedding batch 2857
start embedding batch 2858
start embedding batch 2859
start embedding batch 2860
start embedding batch 2861
start embedding batch 2862
start embedding batch 2863
start embedding batch 2864
start embedding batch 2865
start embedding batch 2866
start embedding batch 2867
start embedding batch 2868
start embedding batch 2869
start embedding batch 2870
start embedding batch 2871
start embedding batch 2872
start embedding batch 2873
start embedding batch 2874
start embedding batch 2875
start embedding batch 2876
start embedding batch 2877
start embedding batch 2878
start embedding batch 2879
start embedding batch 2880
start embedding batch 2881
start embedding batch 2882
start embedding batch 2883
start embedding batch 2884
start embedding batch 2885
start embedding batch 2886
start embedding batch 2887
start embedding batch 2888
start embedding batch 2889
start embedding batch 2890
start embedding batch 2891
start embedding batch 2892
start embedding batch 2893
start embedding batch 2894
start embedding batch 2895
start embedding batch 2896
start embedding batch 2897
start embedding batch 2898
start embedding batch 2899
start embedding batch 2900
start embedding batch 2901
start embedding batch 2902
start embedding batch 2903
start embedding batch 2904
start embedding batch 2905
start embedding batch 2906
start embedding batch 2907
start embedding batch 2908
start embedding batch 2909
start embedding batch 2910
start embedding batch 2911
start embedding batch 2912
start embedding batch 2913
start embedding batch 2914
start embedding batch 2915
start embedding batch 2916
start embedding batch 2917
start embedding batch 2918
start embedding batch 2919
start embedding batch 2920
start embedding batch 2921
start embedding batch 2922
start embedding batch 2923
start embedding batch 2924
start embedding batch 2925
start embedding batch 2926
start embedding batch 2927
start embedding batch 2928
start embedding batch 2929
start embedding batch 2930
start embedding batch 2931
start embedding batch 2932
start embedding batch 2933
start embedding batch 2934
start embedding batch 2935
start embedding batch 2936
start embedding batch 2937
start embedding batch 2938
start embedding batch 2939
start embedding batch 2940
start embedding batch 2941
start embedding batch 2942
start embedding batch 2943
start embedding batch 2944
start embedding batch 2945
start embedding batch 2946
start embedding batch 2947
start embedding batch 2948
start embedding batch 2949
start embedding batch 2950
start embedding batch 2951
start embedding batch 2952
start embedding batch 2953
start embedding batch 2954
start embedding batch 2955
start embedding batch 2956
start embedding batch 2957
start embedding batch 2958
start embedding batch 2959
start embedding batch 2960
start embedding batch 2961
start embedding batch 2962
start embedding batch 2963
start embedding batch 2964
start embedding batch 2965
start embedding batch 2966
start embedding batch 2967
start embedding batch 2968
start embedding batch 2969
start embedding batch 2970
start embedding batch 2971
start embedding batch 2972
start embedding batch 2973
start embedding batch 2974
start embedding batch 2975
start embedding batch 2976
start embedding batch 2977
start embedding batch 2978
start embedding batch 2979
start embedding batch 2980
start embedding batch 2981
start embedding batch 2982
start embedding batch 2983
start embedding batch 2984
start embedding batch 2985
start embedding batch 2986
start embedding batch 2987
start embedding batch 2988
start embedding batch 2989
start embedding batch 2990
start embedding batch 2991
start embedding batch 2992
start embedding batch 2993
start embedding batch 2994
start embedding batch 2995
start embedding batch 2996
start embedding batch 2997
start embedding batch 2998
start embedding batch 2999
start embedding batch 3000
start embedding batch 3001
start embedding batch 3002
start embedding batch 3003
start embedding batch 3004
start embedding batch 3005
start embedding batch 3006
start embedding batch 3007
start embedding batch 3008
start embedding batch 3009
start embedding batch 3010
start embedding batch 3011
start embedding batch 3012
start embedding batch 3013
start embedding batch 3014
start embedding batch 3015
start embedding batch 3016
start embedding batch 3017
start embedding batch 3018
start embedding batch 3019
start embedding batch 3020
start embedding batch 3021
start embedding batch 3022
start embedding batch 3023
start embedding batch 3024
start embedding batch 3025
start embedding batch 3026
start embedding batch 3027
start embedding batch 3028
start embedding batch 3029
start embedding batch 3030
start embedding batch 3031
start embedding batch 3032
start embedding batch 3033
start embedding batch 3034
start embedding batch 3035
start embedding batch 3036
start embedding batch 3037
start embedding batch 3038
start embedding batch 3039
start embedding batch 3040
start embedding batch 3041
start embedding batch 3042
start embedding batch 3043
start embedding batch 3044
start embedding batch 3045
start embedding batch 3046
start embedding batch 3047
start embedding batch 3048
start embedding batch 3049
start embedding batch 3050
start embedding batch 3051
start embedding batch 3052
start embedding batch 3053
start embedding batch 3054
start embedding batch 3055
start embedding batch 3056
start embedding batch 3057
start embedding batch 3058
start embedding batch 3059
start embedding batch 3060
start embedding batch 3061
start embedding batch 3062
start embedding batch 3063
start embedding batch 3064
start embedding batch 3065
start embedding batch 3066
start embedding batch 3067
start embedding batch 3068
start embedding batch 3069
start embedding batch 3070
start embedding batch 3071
start embedding batch 3072
start embedding batch 3073
start embedding batch 3074
start embedding batch 3075
start embedding batch 3076
start embedding batch 3077
start embedding batch 3078
start embedding batch 3079
start embedding batch 3080
start embedding batch 3081
start embedding batch 3082
start embedding batch 3083
start embedding batch 3084
start embedding batch 3085
start embedding batch 3086
start embedding batch 3087
start embedding batch 3088
start embedding batch 3089
start embedding batch 3090
start embedding batch 3091
start embedding batch 3092
start embedding batch 3093
start embedding batch 3094
start embedding batch 3095
start embedding batch 3096
start embedding batch 3097
start embedding batch 3098
start embedding batch 3099
start embedding batch 3100
start embedding batch 3101
start embedding batch 3102
start embedding batch 3103
start embedding batch 3104
start embedding batch 3105
start embedding batch 3106
start embedding batch 3107
start embedding batch 3108
start embedding batch 3109
start embedding batch 3110
start embedding batch 3111
start embedding batch 3112
start embedding batch 3113
start embedding batch 3114
start embedding batch 3115
start embedding batch 3116
start embedding batch 3117
start embedding batch 3118
start embedding batch 3119
start embedding batch 3120
start embedding batch 3121
start embedding batch 3122
start embedding batch 3123
start embedding batch 3124
start embedding batch 3125
start embedding batch 3126
start embedding batch 3127
start embedding batch 3128
start embedding batch 3129
start embedding batch 3130
start embedding batch 3131
start embedding batch 3132
start embedding batch 3133
start embedding batch 3134
start embedding batch 3135
start embedding batch 3136
start embedding batch 3137
start embedding batch 3138
start embedding batch 3139
start embedding batch 3140
start embedding batch 3141
start embedding batch 3142
start embedding batch 3143
start embedding batch 3144
start embedding batch 3145
start embedding batch 3146
start embedding batch 3147
start embedding batch 3148
start embedding batch 3149
start embedding batch 3150
start embedding batch 3151
start embedding batch 3152
start embedding batch 3153
start embedding batch 3154
start embedding batch 3155
start embedding batch 3156
start embedding batch 3157
start embedding batch 3158
start embedding batch 3159
start embedding batch 3160
start embedding batch 3161
start embedding batch 3162
start embedding batch 3163
start embedding batch 3164
start embedding batch 3165
start embedding batch 3166
start embedding batch 3167
start embedding batch 3168
start embedding batch 3169
start embedding batch 3170
start embedding batch 3171
start embedding batch 3172
start embedding batch 3173
start embedding batch 3174
start embedding batch 3175
start embedding batch 3176
start embedding batch 3177
start embedding batch 3178
start embedding batch 3179
start embedding batch 3180
start embedding batch 3181
start embedding batch 3182
start embedding batch 3183
start embedding batch 3184
start embedding batch 3185
start embedding batch 3186
start embedding batch 3187
start embedding batch 3188
start embedding batch 3189
start embedding batch 3190
start embedding batch 3191
start embedding batch 3192
start embedding batch 3193
start embedding batch 3194
start embedding batch 3195
start embedding batch 3196
start embedding batch 3197
start embedding batch 3198
start embedding batch 3199
start embedding batch 3200
start embedding batch 3201
start embedding batch 3202
start embedding batch 3203
start embedding batch 3204
start embedding batch 3205
start embedding batch 3206
start embedding batch 3207
start embedding batch 3208
start embedding batch 3209
start embedding batch 3210
start embedding batch 3211
start embedding batch 3212
start embedding batch 3213
start embedding batch 3214
start embedding batch 3215
start embedding batch 3216
start embedding batch 3217
start embedding batch 3218
start embedding batch 3219
start embedding batch 3220
start embedding batch 3221
start embedding batch 3222
start embedding batch 3223
start embedding batch 3224
start embedding batch 3225
start embedding batch 3226
start embedding batch 3227
start embedding batch 3228
start embedding batch 3229
start embedding batch 3230
start embedding batch 3231
start embedding batch 3232
start embedding batch 3233
start embedding batch 3234
start embedding batch 3235
start embedding batch 3236
start embedding batch 3237
start embedding batch 3238
start embedding batch 3239
start embedding batch 3240
start embedding batch 3241
start embedding batch 3242
start embedding batch 3243
start embedding batch 3244
start embedding batch 3245
start embedding batch 3246
start embedding batch 3247
start embedding batch 3248
start embedding batch 3249
start embedding batch 3250
start embedding batch 3251
start embedding batch 3252
start embedding batch 3253
start embedding batch 3254
start embedding batch 3255
start embedding batch 3256
start embedding batch 3257
start embedding batch 3258
start embedding batch 3259
start embedding batch 3260
start embedding batch 3261
start embedding batch 3262
start embedding batch 3263
start embedding batch 3264
start embedding batch 3265
start embedding batch 3266
start embedding batch 3267
start embedding batch 3268
start embedding batch 3269
start embedding batch 3270
start embedding batch 3271
start embedding batch 3272
start embedding batch 3273
start embedding batch 3274
start embedding batch 3275
start embedding batch 3276
start embedding batch 3277
start embedding batch 3278
start embedding batch 3279
start embedding batch 3280
start embedding batch 3281
start embedding batch 3282
start embedding batch 3283
start embedding batch 3284
start embedding batch 3285
start embedding batch 3286
start embedding batch 3287
start embedding batch 3288
start embedding batch 3289
start embedding batch 3290
start embedding batch 3291
start embedding batch 3292
start embedding batch 3293
start embedding batch 3294
start embedding batch 3295
start embedding batch 3296
start embedding batch 3297
start embedding batch 3298
start embedding batch 3299
start embedding batch 3300
start embedding batch 3301
start embedding batch 3302
start embedding batch 3303
start embedding batch 3304
start embedding batch 3305
start embedding batch 3306
start embedding batch 3307
start embedding batch 3308
start embedding batch 3309
start embedding batch 3310
start embedding batch 3311
start embedding batch 3312
start embedding batch 3313
start embedding batch 3314
start embedding batch 3315
start embedding batch 3316
start embedding batch 3317
start embedding batch 3318
start embedding batch 3319
start embedding batch 3320
start embedding batch 3321
start embedding batch 3322
start embedding batch 3323
start embedding batch 3324
start embedding batch 3325
start embedding batch 3326
start embedding batch 3327
start embedding batch 3328
start embedding batch 3329
start embedding batch 3330
start embedding batch 3331
start embedding batch 3332
start embedding batch 3333
start embedding batch 3334
start embedding batch 3335
start embedding batch 3336
start embedding batch 3337
start embedding batch 3338
start embedding batch 3339
start embedding batch 3340
start embedding batch 3341
start embedding batch 3342
start embedding batch 3343
start embedding batch 3344
start embedding batch 3345
start embedding batch 3346
start embedding batch 3347
start embedding batch 3348
start embedding batch 3349
start embedding batch 3350
start embedding batch 3351
start embedding batch 3352
start embedding batch 3353
start embedding batch 3354
start embedding batch 3355
start embedding batch 3356
start embedding batch 3357
start embedding batch 3358
start embedding batch 3359
start embedding batch 3360
start embedding batch 3361
start embedding batch 3362
start embedding batch 3363
start embedding batch 3364
start embedding batch 3365
start embedding batch 3366
start embedding batch 3367
start embedding batch 3368
start embedding batch 3369
start embedding batch 3370
start embedding batch 3371
start embedding batch 3372
start embedding batch 3373
start embedding batch 3374
start embedding batch 3375
start embedding batch 3376
start embedding batch 3377
start embedding batch 3378
start embedding batch 3379
start embedding batch 3380
start embedding batch 3381
start embedding batch 3382
start embedding batch 3383
start embedding batch 3384
start embedding batch 3385
start embedding batch 3386
start embedding batch 3387
start embedding batch 3388
start embedding batch 3389
start embedding batch 3390
start embedding batch 3391
start embedding batch 3392
start embedding batch 3393
start embedding batch 3394
start embedding batch 3395
start embedding batch 3396
start embedding batch 3397
start embedding batch 3398
start embedding batch 3399
start embedding batch 3400
start embedding batch 3401
start embedding batch 3402
start embedding batch 3403
start embedding batch 3404
start embedding batch 3405
start embedding batch 3406
start embedding batch 3407
start embedding batch 3408
start embedding batch 3409
start embedding batch 3410
start embedding batch 3411
start embedding batch 3412
start embedding batch 3413
start embedding batch 3414
start embedding batch 3415
start embedding batch 3416
start embedding batch 3417
start embedding batch 3418
start embedding batch 3419
start embedding batch 3420
start embedding batch 3421
start embedding batch 3422
start embedding batch 3423
start embedding batch 3424
start embedding batch 3425
start embedding batch 3426
start embedding batch 3427
start embedding batch 3428
start embedding batch 3429
start embedding batch 3430
start embedding batch 3431
start embedding batch 3432
start embedding batch 3433
start embedding batch 3434
start embedding batch 3435
start embedding batch 3436
start embedding batch 3437
start embedding batch 3438
start embedding batch 3439
start embedding batch 3440
start embedding batch 3441
start embedding batch 3442
start embedding batch 3443
start embedding batch 3444
start embedding batch 3445
start embedding batch 3446
start embedding batch 3447
start embedding batch 3448
start embedding batch 3449
start embedding batch 3450
start embedding batch 3451
start embedding batch 3452
start embedding batch 3453
start embedding batch 3454
start embedding batch 3455
start embedding batch 3456
start embedding batch 3457
start embedding batch 3458
start embedding batch 3459
start embedding batch 3460
start embedding batch 3461
start embedding batch 3462
start embedding batch 3463
start embedding batch 3464
start embedding batch 3465
start embedding batch 3466
start embedding batch 3467
start embedding batch 3468
start embedding batch 3469
start embedding batch 3470
start embedding batch 3471
start embedding batch 3472
start embedding batch 3473
start embedding batch 3474
start embedding batch 3475
start embedding batch 3476
start embedding batch 3477
start embedding batch 3478
start embedding batch 3479
start embedding batch 3480
start embedding batch 3481
start embedding batch 3482
start embedding batch 3483
start embedding batch 3484
start embedding batch 3485
start embedding batch 3486
start embedding batch 3487
start embedding batch 3488
start embedding batch 3489
start embedding batch 3490
start embedding batch 3491
start embedding batch 3492
start embedding batch 3493
start embedding batch 3494
start embedding batch 3495
start embedding batch 3496
start embedding batch 3497
start embedding batch 3498
start embedding batch 3499
start embedding batch 3500
start embedding batch 3501
start embedding batch 3502
start embedding batch 3503
start embedding batch 3504
start embedding batch 3505
start embedding batch 3506
start embedding batch 3507
start embedding batch 3508
start embedding batch 3509
start embedding batch 3510
start embedding batch 3511
start embedding batch 3512
start embedding batch 3513
start embedding batch 3514
start embedding batch 3515
start embedding batch 3516
start embedding batch 3517
start embedding batch 3518
start embedding batch 3519
start embedding batch 3520
start embedding batch 3521
start embedding batch 3522
start embedding batch 3523
start embedding batch 3524
start embedding batch 3525
start embedding batch 3526
start embedding batch 3527
start embedding batch 3528
start embedding batch 3529
start embedding batch 3530
start embedding batch 3531
start embedding batch 3532
start embedding batch 3533
start embedding batch 3534
start embedding batch 3535
start embedding batch 3536
start embedding batch 3537
start embedding batch 3538
start embedding batch 3539
start embedding batch 3540
start embedding batch 3541
start embedding batch 3542
start embedding batch 3543
start embedding batch 3544
start embedding batch 3545
start embedding batch 3546
start embedding batch 3547
start embedding batch 3548
start embedding batch 3549
start embedding batch 3550
start embedding batch 3551
start embedding batch 3552
start embedding batch 3553
start embedding batch 3554
start embedding batch 3555
start embedding batch 3556
start embedding batch 3557
start embedding batch 3558
start embedding batch 3559
start embedding batch 3560
start embedding batch 3561
start embedding batch 3562
start embedding batch 3563
start embedding batch 3564
start embedding batch 3565
start embedding batch 3566
start embedding batch 3567
start embedding batch 3568
start embedding batch 3569
start embedding batch 3570
start embedding batch 3571
start embedding batch 3572
start embedding batch 3573
start embedding batch 3574
start embedding batch 3575
start embedding batch 3576
start embedding batch 3577
start embedding batch 3578
start embedding batch 3579
start embedding batch 3580
start embedding batch 3581
start embedding batch 3582
start embedding batch 3583
start embedding batch 3584
start embedding batch 3585
start embedding batch 3586
start embedding batch 3587
start embedding batch 3588
start embedding batch 3589
start embedding batch 3590
start embedding batch 3591
start embedding batch 3592
start embedding batch 3593
start embedding batch 3594
start embedding batch 3595
